<?xml version="1.0" encoding="UTF-8"?>
<testsuite name="com.hotel.lodgingCommander.LodgingCommanderApplicationTests" tests="2" skipped="0" failures="0" errors="0" timestamp="2024-09-02T06:33:12" hostname="BITCAMP" time="0.509">
  <properties/>
  <testcase name="testFindAvailableHotels()" classname="com.hotel.lodgingCommander.LodgingCommanderApplicationTests" time="0.506"/>
  <testcase name="contextLoads()" classname="com.hotel.lodgingCommander.LodgingCommanderApplicationTests" time="0.002"/>
  <system-out><![CDATA[15:33:06.286 [Test worker] INFO org.springframework.test.context.support.AnnotationConfigContextLoaderUtils -- Could not detect default configuration classes for test class [com.hotel.lodgingCommander.LodgingCommanderApplicationTests]: LodgingCommanderApplicationTests does not declare any static, non-private, non-final, nested classes annotated with @Configuration.
15:33:06.394 [Test worker] INFO org.springframework.boot.test.context.SpringBootTestContextBootstrapper -- Found @SpringBootConfiguration com.hotel.lodgingCommander.LodgingCommanderApplication for test class com.hotel.lodgingCommander.LodgingCommanderApplicationTests

  .   ____          _            __ _ _
 /\\ / ___'_ __ _ _(_)_ __  __ _ \ \ \ \
( ( )\___ | '_ | '_| | '_ \/ _` | \ \ \ \
 \\/  ___)| |_)| | | | | || (_| |  ) ) ) )
  '  |____| .__|_| |_|_| |_\__, | / / / /
 =========|_|==============|___/=/_/_/_/

 :: Spring Boot ::                (v3.3.2)

2024-09-02T15:33:06.739+09:00  INFO 17560 --- [    Test worker] c.h.l.LodgingCommanderApplicationTests   : Starting LodgingCommanderApplicationTests using Java 17.0.12 with PID 17560 (started by bit in C:\dockerFirst\lodgingCommander2)
2024-09-02T15:33:06.741+09:00  INFO 17560 --- [    Test worker] c.h.l.LodgingCommanderApplicationTests   : No active profile set, falling back to 1 default profile: "default"
2024-09-02T15:33:07.601+09:00  INFO 17560 --- [    Test worker] .s.d.r.c.RepositoryConfigurationDelegate : Bootstrapping Spring Data JPA repositories in DEFAULT mode.
2024-09-02T15:33:07.700+09:00  INFO 17560 --- [    Test worker] .s.d.r.c.RepositoryConfigurationDelegate : Finished Spring Data repository scanning in 90 ms. Found 15 JPA repository interfaces.
2024-09-02T15:33:08.105+09:00  INFO 17560 --- [    Test worker] o.hibernate.jpa.internal.util.LogHelper  : HHH000204: Processing PersistenceUnitInfo [name: default]
2024-09-02T15:33:08.166+09:00  INFO 17560 --- [    Test worker] org.hibernate.Version                    : HHH000412: Hibernate ORM core version 6.5.2.Final
2024-09-02T15:33:08.201+09:00  INFO 17560 --- [    Test worker] o.h.c.internal.RegionFactoryInitiator    : HHH000026: Second-level cache disabled
2024-09-02T15:33:08.480+09:00  INFO 17560 --- [    Test worker] o.s.o.j.p.SpringPersistenceUnitInfo      : No LoadTimeWeaver setup: ignoring JPA class transformer
2024-09-02T15:33:08.503+09:00  INFO 17560 --- [    Test worker] com.zaxxer.hikari.HikariDataSource       : HikariPool-1 - Starting...
2024-09-02T15:33:08.868+09:00  INFO 17560 --- [    Test worker] com.zaxxer.hikari.pool.HikariPool        : HikariPool-1 - Added connection com.mysql.cj.jdbc.ConnectionImpl@112530c3
2024-09-02T15:33:08.870+09:00  INFO 17560 --- [    Test worker] com.zaxxer.hikari.HikariDataSource       : HikariPool-1 - Start completed.
2024-09-02T15:33:08.911+09:00  WARN 17560 --- [    Test worker] org.hibernate.orm.deprecation            : HHH90000025: MySQL8Dialect does not need to be specified explicitly using 'hibernate.dialect' (remove the property setting and it will be selected by default)
2024-09-02T15:33:08.912+09:00  WARN 17560 --- [    Test worker] org.hibernate.orm.deprecation            : HHH90000026: MySQL8Dialect has been deprecated; use org.hibernate.dialect.MySQLDialect instead
2024-09-02T15:33:09.899+09:00  INFO 17560 --- [    Test worker] o.h.e.t.j.p.i.JtaPlatformInitiator       : HHH000489: No JTA platform available (set 'hibernate.transaction.jta.platform' to enable JTA platform integration)
2024-09-02T15:33:10.149+09:00  INFO 17560 --- [    Test worker] j.LocalContainerEntityManagerFactoryBean : Initialized JPA EntityManagerFactory for persistence unit 'default'
2024-09-02T15:33:10.596+09:00  INFO 17560 --- [    Test worker] o.s.d.j.r.query.QueryEnhancerFactory     : Hibernate is in classpath; If applicable, HQL parser will be used.
2024-09-02T15:33:11.738+09:00  WARN 17560 --- [    Test worker] JpaBaseConfiguration$JpaWebConfiguration : spring.jpa.open-in-view is enabled by default. Therefore, database queries may be performed during view rendering. Explicitly configure spring.jpa.open-in-view to disable this warning
2024-09-02T15:33:11.757+09:00  INFO 17560 --- [    Test worker] r$InitializeUserDetailsManagerConfigurer : Global AuthenticationManager configured with UserDetailsService bean with name customUserDetailsService
2024-09-02T15:33:12.346+09:00  INFO 17560 --- [    Test worker] c.h.l.LodgingCommanderApplicationTests   : Started LodgingCommanderApplicationTests in 5.811 seconds (process running for 6.805)
a = Optional.empty
]]></system-out>
  <system-err><![CDATA[]]></system-err>
</testsuite>
